<?xml version="1.0" encoding="UTF-8"?>
<!-- Generated by org.testng.reporters.JUnitReportReporter -->
<testsuite hostname="Raj-N-Sam" failures="0" tests="3" name="TestNgPractice.Yahoo" time="32.999" errors="0" timestamp="2024-02-05T18:49:26 CST" skipped="0">
  <testcase classname="TestNgPractice.Yahoo" name="launchYahoo" time="32.998"/>
  <system-out/>
  <testcase classname="TestNgPractice.Yahoo" name="loginYahoo" time="0.001"/>
  <system-out/>
  <testcase classname="TestNgPractice.Yahoo" name="closeYahoo" time="0.000"/>
  <system-out/>
</testsuite> <!-- TestNgPractice.Yahoo -->
